<?xml version="1.0" encoding="UTF-8"?>
<!-- Generated by org.testng.reporters.JUnitReportReporter -->
<testsuite hostname="LAPTOP-CO8FBCRU" failures="0" tests="1" name="FourMethodsTest" time="0.015" errors="0" timestamp="12 Apr 2021 21:39:34 GMT">
  <testcase classname="FourMethodsTest" name="stringCompare" time="0.015"/>
</testsuite> <!-- FourMethodsTest -->
